
=== Mon Nov  9 10:25:12 2020

Packages were changed.
Update Mode: updateDependencies

The following packages were added:
  com.unity.2d.sprite@1.0.0
  com.unity.2d.tilemap@1.0.0
  com.unity.ads@3.4.9
  com.unity.analytics@3.3.5
  com.unity.collab-proxy@1.2.16
  com.unity.ide.rider@1.1.4
  com.unity.ide.vscode@1.2.2
  com.unity.modules.ai@1.0.0
  com.unity.modules.cloth@1.0.0
  com.unity.modules.director@1.0.0
  com.unity.modules.imageconversion@1.0.0
  com.unity.modules.physics2d@1.0.0
  com.unity.modules.screencapture@1.0.0
  com.unity.modules.terrain@1.0.0
  com.unity.modules.terrainphysics@1.0.0
  com.unity.modules.tilemap@1.0.0
  com.unity.modules.uielements@1.0.0
  com.unity.modules.umbra@1.0.0
  com.unity.modules.unityanalytics@1.0.0
  com.unity.modules.unitywebrequestassetbundle@1.0.0
  com.unity.modules.unitywebrequestaudio@1.0.0
  com.unity.modules.unitywebrequesttexture@1.0.0
  com.unity.modules.unitywebrequestwww@1.0.0
  com.unity.modules.vehicles@1.0.0
  com.unity.modules.video@1.0.0
  com.unity.modules.vr@1.0.0
  com.unity.modules.wind@1.0.0
  com.unity.modules.xr@1.0.0
  com.unity.multiplayer-hlapi@1.0.6
  com.unity.purchasing@2.1.1
  com.unity.test-framework@1.1.18
  com.unity.textmeshpro@2.0.1
  com.unity.timeline@1.2.6
  com.unity.xr.legacyinputhelpers@2.1.4
The following packages were removed:
  com.unity.package-manager-ui@2.0.13

=== Wed Dec 15 09:29:40 2021

Packages were changed.
Update Mode: updateDependencies

The following packages were added:
  com.unity.ide.visualstudio@2.0.11
The following packages were updated:
  com.unity.ads from version 3.4.9 to 3.7.5
  com.unity.collab-proxy from version 1.2.16 to 1.8.0
  com.unity.ide.rider from version 1.1.4 to 1.2.1
  com.unity.ide.vscode from version 1.2.2 to 1.2.3
  com.unity.multiplayer-hlapi from version 1.0.6 to 1.0.8
  com.unity.purchasing from version 2.1.1 to 3.2.2
  com.unity.test-framework from version 1.1.18 to 1.1.27
  com.unity.textmeshpro from version 2.0.1 to 2.1.4
  com.unity.timeline from version 1.2.6 to 1.2.18
  com.unity.xr.legacyinputhelpers from version 2.1.4 to 2.1.8
